warn: The `get_runtime_isa` function is deprecated. Please migrate away from using this function.
warn: The se.py script is deprecated. It will be removed in future releases of  gem5.
warn: The `get_runtime_isa` function is deprecated. Please migrate away from using this function.
Global frequency set at 1000000000000 ticks per second
src/base/statistics.hh:279: warn: One of the stats is a legacy stat. Legacy stat is a stat that does not belong to any statistics::Group. Legacy stat is deprecated.
src/base/remote_gdb.cc:418: warn: Sockets disabled, not accepting gdb connections
src/sim/process.cc:396: warn: Checkpoints for pipes, device drivers and sockets do not work.
gem5 Simulator System.  https://www.gem5.org
gem5 is copyrighted software; use the --copyright option for details.

gem5 version 23.0.0.1
gem5 compiled Apr  6 2026 01:50:35
gem5 started Apr  6 2026 13:56:41
gem5 executing on b49ce2a326be, pid 222193
command line: /opt/gem5/build/X86/gem5.opt --outdir=/workspace/results_l3/2MB/policy1Config1/imagick /workspace/configs/run_spec_l3.py --rp-type=DSBRP --l3-size=2MB --l3-assoc=16 --cpu-type=DerivO3CPU --cmd=./imagick_s_base.gem5-x86 '--options=-limit disk 0 refspeed_input.tga -resize 817% -rotate -2.76 -shave 540x375 -alpha remove -auto-level -contrast-stretch 1x1% -colorspace Lab -channel R -equalize +channel -colorspace sRGB -define histogram:unique-colors=false -adaptive-blur 0x5 -despeckle -auto-gamma -adaptive-sharpen 55 -enhance -brightness-contrast 10x10 -resize 30% refspeed_output.tga' --mem-size=8GB --maxinst=250000000 --caches --l2cache --l1d_size=32kB --l1i_size=32kB --l1d_assoc=8 --l1i_assoc=8 --l2_size=256kB --l2_assoc=8 --checkpoint-restore=1 --checkpoint-dir=/workspace/checkpoints/imagick/m5out --restore-with-cpu=AtomicSimpleCPU --standard-switch=1 --warmup-insts=50000000 --dsb-enable-bypass=false --dsb-enable-aging=true --dsb-bypass-counter=6 --dsb-virtual-bypass-counter=4 --dsb-random-promotion=0 --dsb-minimum-bypass-counter=8

info: Standard input is not a terminal, disabling listeners.
Replacement policy: DSBRP
L1I size: 32kB, assoc: 8
L1D size: 32kB, assoc: 8
L2 size: 256kB, assoc: 8
L3 size: 2MB, L3 assoc: 16
Switch at instruction count:1
src/sim/simulate.cc:194: info: Entering event queue @ 26455902910500.  Starting simulation...
src/sim/power_state.cc:105: warn: PowerState: Already in the requested power state, request ignored
Switched CPUS @ tick 26455902912000
switching cpus
Switch at instruction count:50000000
src/sim/simulate.cc:194: info: Entering event queue @ 26455902912000.  Starting simulation...
src/sim/simulate.cc:194: info: Entering event queue @ 26545809210500.  Starting simulation...
Switching CPUS @ tick 26545809210500
Simulation ends instruction count:250000000
switching cpus
**** REAL SIMULATION ****
src/sim/simulate.cc:194: info: Entering event queue @ 26545809314250.  Starting simulation...
[DSB @ 100000 calls] bc=8 isBypassOn=false| real=0 virt=6250 notrack=93749 | touchRes=5893(eff=0,ineff=5893) resetRes=0(ineff=0,eff=0) | bc++=5893 bc--=0 inv=0
[DSB @ 200000 calls] bc=8 isBypassOn=false| real=0 virt=12509 notrack=187490 | touchRes=12073(eff=0,ineff=12073) resetRes=0(ineff=0,eff=0) | bc++=12073 bc--=0 inv=0
Exiting @ tick 26630385999000 because a thread reached the max instruction count
